<?xml version="1.0" encoding="UTF-8"?>
<!-- Generated by org.testng.reporters.JUnitXMLReporter -->
<testsuite hostname="LH7U05CG6192ZF7" ignored="19" name="Default test" tests="2" failures="0" timestamp="13 Aug 2018 18:14:05 GMT" time="454.478" errors="0">
  <testcase name="TC_08" time="44.643" classname="uHAPortal.tests.HomeTest"/>
  <testcase name="Tc_02" time="0.478" classname="uHAPortal.tests.HomeTest"/>
  <testcase name="Tc_07" time="0.0" classname="uHAPortal.tests.HomeTest">
    <ignored/>
  </testcase> <!-- Tc_07 -->
  <testcase name="Tc_04" time="0.0" classname="uHAPortal.tests.HomeTest">
    <ignored/>
  </testcase> <!-- Tc_04 -->
  <testcase name="Tc_01" time="0.0" classname="uHAPortal.tests.HomeTest">
    <ignored/>
  </testcase> <!-- Tc_01 -->
  <testcase name="Tc_06" time="0.0" classname="uHAPortal.tests.HomeTest">
    <ignored/>
  </testcase> <!-- Tc_06 -->
  <testcase name="Tc_05" time="0.0" classname="uHAPortal.tests.HomeTest">
    <ignored/>
  </testcase> <!-- Tc_05 -->
  <testcase name="TC_21" time="0.0" classname="uHAPortal.tests.HomeTest">
    <ignored/>
  </testcase> <!-- TC_21 -->
  <testcase name="TC_10" time="0.0" classname="uHAPortal.tests.HomeTest">
    <ignored/>
  </testcase> <!-- TC_10 -->
  <testcase name="TC_20" time="0.0" classname="uHAPortal.tests.HomeTest">
    <ignored/>
  </testcase> <!-- TC_20 -->
  <testcase name="TC_22" time="0.0" classname="uHAPortal.tests.HomeTest">
    <ignored/>
  </testcase> <!-- TC_22 -->
  <testcase name="TC_11" time="0.0" classname="uHAPortal.tests.HomeTest">
    <ignored/>
  </testcase> <!-- TC_11 -->
  <testcase name="TC_14" time="0.0" classname="uHAPortal.tests.HomeTest">
    <ignored/>
  </testcase> <!-- TC_14 -->
  <testcase name="TC_13" time="0.0" classname="uHAPortal.tests.HomeTest">
    <ignored/>
  </testcase> <!-- TC_13 -->
  <testcase name="TC_15" time="0.0" classname="uHAPortal.tests.HomeTest">
    <ignored/>
  </testcase> <!-- TC_15 -->
  <testcase name="TC_18" time="0.0" classname="uHAPortal.tests.HomeTest">
    <ignored/>
  </testcase> <!-- TC_18 -->
  <testcase name="TC_17" time="0.0" classname="uHAPortal.tests.HomeTest">
    <ignored/>
  </testcase> <!-- TC_17 -->
  <testcase name="TC_12" time="0.0" classname="uHAPortal.tests.HomeTest">
    <ignored/>
  </testcase> <!-- TC_12 -->
  <testcase name="TC_19" time="0.0" classname="uHAPortal.tests.HomeTest">
    <ignored/>
  </testcase> <!-- TC_19 -->
  <testcase name="TC_16" time="0.0" classname="uHAPortal.tests.HomeTest">
    <ignored/>
  </testcase> <!-- TC_16 -->
  <testcase name="TC_09" time="0.0" classname="uHAPortal.tests.HomeTest">
    <ignored/>
  </testcase> <!-- TC_09 -->
</testsuite> <!-- Default test -->
